[2026-04-17 16:02:42] production.ERROR: GuzzleHttp\Exception\ConnectException: cURL error 28: Resolving timed out after 4000 milliseconds (see https://curl.haxx.se/libcurl/c/libcurl-errors.html) for https://pantau.opensid.my.id/api/track/desa?token=eyJ0eXAiOiJKV1QiLCJhbGciOiJIUzI1NiJ9.eyJpZCI6bnVsbCwidGltZXN0YW1wIjoxNjAzNDY2MjM5fQ.HVCNnMLokF2tgHwjQhSIYo6-2GNXB4-Kf28FSIeXnZw in C:\xampp\htdocs\OpenSID\vendor\guzzlehttp\guzzle\src\Handler\CurlFactory.php:275
Stack trace:
#0 C:\xampp\htdocs\OpenSID\vendor\guzzlehttp\guzzle\src\Handler\CurlFactory.php(205): GuzzleHttp\Handler\CurlFactory::createRejection(Object(GuzzleHttp\Handler\EasyHandle), Array)
#1 C:\xampp\htdocs\OpenSID\vendor\guzzlehttp\guzzle\src\Handler\CurlFactory.php(157): GuzzleHttp\Handler\CurlFactory::finishError(Object(GuzzleHttp\Handler\CurlHandler), Object(GuzzleHttp\Handler\EasyHandle), Object(GuzzleHttp\Handler\CurlFactory))
#2 C:\xampp\htdocs\OpenSID\vendor\guzzlehttp\guzzle\src\Handler\CurlHandler.php(47): GuzzleHttp\Handler\CurlFactory::finish(Object(GuzzleHttp\Handler\CurlHandler), Object(GuzzleHttp\Handler\EasyHandle), Object(GuzzleHttp\Handler\CurlFactory))
#3 C:\xampp\htdocs\OpenSID\vendor\guzzlehttp\guzzle\src\Handler\Proxy.php(28): GuzzleHttp\Handler\CurlHandler->__invoke(Object(GuzzleHttp\Psr7\Request), Array)
#4 C:\xampp\htdocs\OpenSID\vendor\guzzlehttp\guzzle\src\Handler\Proxy.php(48): GuzzleHttp\Handler\Proxy::GuzzleHttp\Handler\{closure}(Object(GuzzleHttp\Psr7\Request), Array)
#5 C:\xampp\htdocs\OpenSID\vendor\guzzlehttp\guzzle\src\PrepareBodyMiddleware.php(64): GuzzleHttp\Handler\Proxy::GuzzleHttp\Handler\{closure}(Object(GuzzleHttp\Psr7\Request), Array)
#6 C:\xampp\htdocs\OpenSID\vendor\guzzlehttp\guzzle\src\Middleware.php(31): GuzzleHttp\PrepareBodyMiddleware->__invoke(Object(GuzzleHttp\Psr7\Request), Array)
#7 C:\xampp\htdocs\OpenSID\vendor\guzzlehttp\guzzle\src\RedirectMiddleware.php(71): GuzzleHttp\Middleware::GuzzleHttp\{closure}(Object(GuzzleHttp\Psr7\Request), Array)
#8 C:\xampp\htdocs\OpenSID\vendor\guzzlehttp\guzzle\src\Middleware.php(66): GuzzleHttp\RedirectMiddleware->__invoke(Object(GuzzleHttp\Psr7\Request), Array)
#9 C:\xampp\htdocs\OpenSID\vendor\guzzlehttp\guzzle\src\HandlerStack.php(75): GuzzleHttp\Middleware::GuzzleHttp\{closure}(Object(GuzzleHttp\Psr7\Request), Array)
#10 C:\xampp\htdocs\OpenSID\vendor\guzzlehttp\guzzle\src\Client.php(333): GuzzleHttp\HandlerStack->__invoke(Object(GuzzleHttp\Psr7\Request), Array)
#11 C:\xampp\htdocs\OpenSID\vendor\guzzlehttp\guzzle\src\Client.php(169): GuzzleHttp\Client->transfer(Object(GuzzleHttp\Psr7\Request), Array)
#12 C:\xampp\htdocs\OpenSID\vendor\guzzlehttp\guzzle\src\Client.php(189): GuzzleHttp\Client->requestAsync('POST', Object(GuzzleHttp\Psr7\Uri), Array)
#13 C:\xampp\htdocs\OpenSID\vendor\guzzlehttp\guzzle\src\ClientTrait.php(95): GuzzleHttp\Client->request('POST', 'https://pantau....', Array)
#14 C:\xampp\htdocs\OpenSID\donjo-app\helpers\opensid_helper.php(257): GuzzleHttp\Client->post('https://pantau....', Array)
#15 C:\xampp\htdocs\OpenSID\app\Libraries\Tracker.php(151): httpPost('https://pantau....', Array)
#16 C:\xampp\htdocs\OpenSID\app\Libraries\Tracker.php(72): App\Libraries\Tracker->kirimData()
#17 C:\xampp\htdocs\OpenSID\donjo-app\core\MY_Controller.php(127): App\Libraries\Tracker->trackDesa()
#18 C:\xampp\htdocs\OpenSID\donjo-app\core\Web_Controller.php(68): MY_Controller->__construct()
#19 C:\xampp\htdocs\OpenSID\donjo-app\controllers\fweb\Utama.php(51): Web_Controller->__construct()
#20 C:\xampp\htdocs\OpenSID\vendor\codeigniter\framework\system\core\CodeIgniter.php(519): Utama->__construct()
#21 C:\xampp\htdocs\OpenSID\index.php(284): require_once('C:\\xampp\\htdocs...')
#22 {main}
[2026-04-17 16:03:09] production.ERROR: GuzzleHttp\Exception\ConnectException: cURL error 28: Connection timed out after 4015 milliseconds (see https://curl.haxx.se/libcurl/c/libcurl-errors.html) for https://pantau.opensid.my.id/api/track/desa?token=eyJ0eXAiOiJKV1QiLCJhbGciOiJIUzI1NiJ9.eyJpZCI6bnVsbCwidGltZXN0YW1wIjoxNjAzNDY2MjM5fQ.HVCNnMLokF2tgHwjQhSIYo6-2GNXB4-Kf28FSIeXnZw in C:\xampp\htdocs\OpenSID\vendor\guzzlehttp\guzzle\src\Handler\CurlFactory.php:275
Stack trace:
#0 C:\xampp\htdocs\OpenSID\vendor\guzzlehttp\guzzle\src\Handler\CurlFactory.php(205): GuzzleHttp\Handler\CurlFactory::createRejection(Object(GuzzleHttp\Handler\EasyHandle), Array)
#1 C:\xampp\htdocs\OpenSID\vendor\guzzlehttp\guzzle\src\Handler\CurlFactory.php(157): GuzzleHttp\Handler\CurlFactory::finishError(Object(GuzzleHttp\Handler\CurlHandler), Object(GuzzleHttp\Handler\EasyHandle), Object(GuzzleHttp\Handler\CurlFactory))
#2 C:\xampp\htdocs\OpenSID\vendor\guzzlehttp\guzzle\src\Handler\CurlHandler.php(47): GuzzleHttp\Handler\CurlFactory::finish(Object(GuzzleHttp\Handler\CurlHandler), Object(GuzzleHttp\Handler\EasyHandle), Object(GuzzleHttp\Handler\CurlFactory))
#3 C:\xampp\htdocs\OpenSID\vendor\guzzlehttp\guzzle\src\Handler\Proxy.php(28): GuzzleHttp\Handler\CurlHandler->__invoke(Object(GuzzleHttp\Psr7\Request), Array)
#4 C:\xampp\htdocs\OpenSID\vendor\guzzlehttp\guzzle\src\Handler\Proxy.php(48): GuzzleHttp\Handler\Proxy::GuzzleHttp\Handler\{closure}(Object(GuzzleHttp\Psr7\Request), Array)
#5 C:\xampp\htdocs\OpenSID\vendor\guzzlehttp\guzzle\src\PrepareBodyMiddleware.php(64): GuzzleHttp\Handler\Proxy::GuzzleHttp\Handler\{closure}(Object(GuzzleHttp\Psr7\Request), Array)
#6 C:\xampp\htdocs\OpenSID\vendor\guzzlehttp\guzzle\src\Middleware.php(31): GuzzleHttp\PrepareBodyMiddleware->__invoke(Object(GuzzleHttp\Psr7\Request), Array)
#7 C:\xampp\htdocs\OpenSID\vendor\guzzlehttp\guzzle\src\RedirectMiddleware.php(71): GuzzleHttp\Middleware::GuzzleHttp\{closure}(Object(GuzzleHttp\Psr7\Request), Array)
#8 C:\xampp\htdocs\OpenSID\vendor\guzzlehttp\guzzle\src\Middleware.php(66): GuzzleHttp\RedirectMiddleware->__invoke(Object(GuzzleHttp\Psr7\Request), Array)
#9 C:\xampp\htdocs\OpenSID\vendor\guzzlehttp\guzzle\src\HandlerStack.php(75): GuzzleHttp\Middleware::GuzzleHttp\{closure}(Object(GuzzleHttp\Psr7\Request), Array)
#10 C:\xampp\htdocs\OpenSID\vendor\guzzlehttp\guzzle\src\Client.php(333): GuzzleHttp\HandlerStack->__invoke(Object(GuzzleHttp\Psr7\Request), Array)
#11 C:\xampp\htdocs\OpenSID\vendor\guzzlehttp\guzzle\src\Client.php(169): GuzzleHttp\Client->transfer(Object(GuzzleHttp\Psr7\Request), Array)
#12 C:\xampp\htdocs\OpenSID\vendor\guzzlehttp\guzzle\src\Client.php(189): GuzzleHttp\Client->requestAsync('POST', Object(GuzzleHttp\Psr7\Uri), Array)
#13 C:\xampp\htdocs\OpenSID\vendor\guzzlehttp\guzzle\src\ClientTrait.php(95): GuzzleHttp\Client->request('POST', 'https://pantau....', Array)
#14 C:\xampp\htdocs\OpenSID\donjo-app\helpers\opensid_helper.php(257): GuzzleHttp\Client->post('https://pantau....', Array)
#15 C:\xampp\htdocs\OpenSID\app\Libraries\Tracker.php(151): httpPost('https://pantau....', Array)
#16 C:\xampp\htdocs\OpenSID\app\Libraries\Tracker.php(72): App\Libraries\Tracker->kirimData()
#17 C:\xampp\htdocs\OpenSID\donjo-app\core\MY_Controller.php(127): App\Libraries\Tracker->trackDesa()
#18 C:\xampp\htdocs\OpenSID\donjo-app\core\Web_Controller.php(68): MY_Controller->__construct()
#19 C:\xampp\htdocs\OpenSID\vendor\codeigniter\framework\system\core\CodeIgniter.php(519): Web_Controller->__construct()
#20 C:\xampp\htdocs\OpenSID\index.php(284): require_once('C:\\xampp\\htdocs...')
#21 {main}
[2026-04-17 16:03:17] production.ERROR: GuzzleHttp\Exception\ConnectException: cURL error 28: Connection timed out after 4014 milliseconds (see https://curl.haxx.se/libcurl/c/libcurl-errors.html) for https://pantau.opensid.my.id/api/track/desa?token=eyJ0eXAiOiJKV1QiLCJhbGciOiJIUzI1NiJ9.eyJpZCI6bnVsbCwidGltZXN0YW1wIjoxNjAzNDY2MjM5fQ.HVCNnMLokF2tgHwjQhSIYo6-2GNXB4-Kf28FSIeXnZw in C:\xampp\htdocs\OpenSID\vendor\guzzlehttp\guzzle\src\Handler\CurlFactory.php:275
Stack trace:
#0 C:\xampp\htdocs\OpenSID\vendor\guzzlehttp\guzzle\src\Handler\CurlFactory.php(205): GuzzleHttp\Handler\CurlFactory::createRejection(Object(GuzzleHttp\Handler\EasyHandle), Array)
#1 C:\xampp\htdocs\OpenSID\vendor\guzzlehttp\guzzle\src\Handler\CurlFactory.php(157): GuzzleHttp\Handler\CurlFactory::finishError(Object(GuzzleHttp\Handler\CurlHandler), Object(GuzzleHttp\Handler\EasyHandle), Object(GuzzleHttp\Handler\CurlFactory))
#2 C:\xampp\htdocs\OpenSID\vendor\guzzlehttp\guzzle\src\Handler\CurlHandler.php(47): GuzzleHttp\Handler\CurlFactory::finish(Object(GuzzleHttp\Handler\CurlHandler), Object(GuzzleHttp\Handler\EasyHandle), Object(GuzzleHttp\Handler\CurlFactory))
#3 C:\xampp\htdocs\OpenSID\vendor\guzzlehttp\guzzle\src\Handler\Proxy.php(28): GuzzleHttp\Handler\CurlHandler->__invoke(Object(GuzzleHttp\Psr7\Request), Array)
#4 C:\xampp\htdocs\OpenSID\vendor\guzzlehttp\guzzle\src\Handler\Proxy.php(48): GuzzleHttp\Handler\Proxy::GuzzleHttp\Handler\{closure}(Object(GuzzleHttp\Psr7\Request), Array)
#5 C:\xampp\htdocs\OpenSID\vendor\guzzlehttp\guzzle\src\PrepareBodyMiddleware.php(64): GuzzleHttp\Handler\Proxy::GuzzleHttp\Handler\{closure}(Object(GuzzleHttp\Psr7\Request), Array)
#6 C:\xampp\htdocs\OpenSID\vendor\guzzlehttp\guzzle\src\Middleware.php(31): GuzzleHttp\PrepareBodyMiddleware->__invoke(Object(GuzzleHttp\Psr7\Request), Array)
#7 C:\xampp\htdocs\OpenSID\vendor\guzzlehttp\guzzle\src\RedirectMiddleware.php(71): GuzzleHttp\Middleware::GuzzleHttp\{closure}(Object(GuzzleHttp\Psr7\Request), Array)
#8 C:\xampp\htdocs\OpenSID\vendor\guzzlehttp\guzzle\src\Middleware.php(66): GuzzleHttp\RedirectMiddleware->__invoke(Object(GuzzleHttp\Psr7\Request), Array)
#9 C:\xampp\htdocs\OpenSID\vendor\guzzlehttp\guzzle\src\HandlerStack.php(75): GuzzleHttp\Middleware::GuzzleHttp\{closure}(Object(GuzzleHttp\Psr7\Request), Array)
#10 C:\xampp\htdocs\OpenSID\vendor\guzzlehttp\guzzle\src\Client.php(333): GuzzleHttp\HandlerStack->__invoke(Object(GuzzleHttp\Psr7\Request), Array)
#11 C:\xampp\htdocs\OpenSID\vendor\guzzlehttp\guzzle\src\Client.php(169): GuzzleHttp\Client->transfer(Object(GuzzleHttp\Psr7\Request), Array)
#12 C:\xampp\htdocs\OpenSID\vendor\guzzlehttp\guzzle\src\Client.php(189): GuzzleHttp\Client->requestAsync('POST', Object(GuzzleHttp\Psr7\Uri), Array)
#13 C:\xampp\htdocs\OpenSID\vendor\guzzlehttp\guzzle\src\ClientTrait.php(95): GuzzleHttp\Client->request('POST', 'https://pantau....', Array)
#14 C:\xampp\htdocs\OpenSID\donjo-app\helpers\opensid_helper.php(257): GuzzleHttp\Client->post('https://pantau....', Array)
#15 C:\xampp\htdocs\OpenSID\app\Libraries\Tracker.php(151): httpPost('https://pantau....', Array)
#16 C:\xampp\htdocs\OpenSID\app\Libraries\Tracker.php(72): App\Libraries\Tracker->kirimData()
#17 C:\xampp\htdocs\OpenSID\donjo-app\core\MY_Controller.php(127): App\Libraries\Tracker->trackDesa()
#18 C:\xampp\htdocs\OpenSID\donjo-app\core\Web_Controller.php(68): MY_Controller->__construct()
#19 C:\xampp\htdocs\OpenSID\vendor\codeigniter\framework\system\core\CodeIgniter.php(519): Web_Controller->__construct()
#20 C:\xampp\htdocs\OpenSID\index.php(284): require_once('C:\\xampp\\htdocs...')
#21 {main}
[2026-04-17 16:03:21] production.ERROR: GuzzleHttp\Exception\ConnectException: cURL error 28: Connection timed out after 4009 milliseconds (see https://curl.haxx.se/libcurl/c/libcurl-errors.html) for https://pantau.opensid.my.id/api/track/desa?token=eyJ0eXAiOiJKV1QiLCJhbGciOiJIUzI1NiJ9.eyJpZCI6bnVsbCwidGltZXN0YW1wIjoxNjAzNDY2MjM5fQ.HVCNnMLokF2tgHwjQhSIYo6-2GNXB4-Kf28FSIeXnZw in C:\xampp\htdocs\OpenSID\vendor\guzzlehttp\guzzle\src\Handler\CurlFactory.php:275
Stack trace:
#0 C:\xampp\htdocs\OpenSID\vendor\guzzlehttp\guzzle\src\Handler\CurlFactory.php(205): GuzzleHttp\Handler\CurlFactory::createRejection(Object(GuzzleHttp\Handler\EasyHandle), Array)
#1 C:\xampp\htdocs\OpenSID\vendor\guzzlehttp\guzzle\src\Handler\CurlFactory.php(157): GuzzleHttp\Handler\CurlFactory::finishError(Object(GuzzleHttp\Handler\CurlHandler), Object(GuzzleHttp\Handler\EasyHandle), Object(GuzzleHttp\Handler\CurlFactory))
#2 C:\xampp\htdocs\OpenSID\vendor\guzzlehttp\guzzle\src\Handler\CurlHandler.php(47): GuzzleHttp\Handler\CurlFactory::finish(Object(GuzzleHttp\Handler\CurlHandler), Object(GuzzleHttp\Handler\EasyHandle), Object(GuzzleHttp\Handler\CurlFactory))
#3 C:\xampp\htdocs\OpenSID\vendor\guzzlehttp\guzzle\src\Handler\Proxy.php(28): GuzzleHttp\Handler\CurlHandler->__invoke(Object(GuzzleHttp\Psr7\Request), Array)
#4 C:\xampp\htdocs\OpenSID\vendor\guzzlehttp\guzzle\src\Handler\Proxy.php(48): GuzzleHttp\Handler\Proxy::GuzzleHttp\Handler\{closure}(Object(GuzzleHttp\Psr7\Request), Array)
#5 C:\xampp\htdocs\OpenSID\vendor\guzzlehttp\guzzle\src\PrepareBodyMiddleware.php(64): GuzzleHttp\Handler\Proxy::GuzzleHttp\Handler\{closure}(Object(GuzzleHttp\Psr7\Request), Array)
#6 C:\xampp\htdocs\OpenSID\vendor\guzzlehttp\guzzle\src\Middleware.php(31): GuzzleHttp\PrepareBodyMiddleware->__invoke(Object(GuzzleHttp\Psr7\Request), Array)
#7 C:\xampp\htdocs\OpenSID\vendor\guzzlehttp\guzzle\src\RedirectMiddleware.php(71): GuzzleHttp\Middleware::GuzzleHttp\{closure}(Object(GuzzleHttp\Psr7\Request), Array)
#8 C:\xampp\htdocs\OpenSID\vendor\guzzlehttp\guzzle\src\Middleware.php(66): GuzzleHttp\RedirectMiddleware->__invoke(Object(GuzzleHttp\Psr7\Request), Array)
#9 C:\xampp\htdocs\OpenSID\vendor\guzzlehttp\guzzle\src\HandlerStack.php(75): GuzzleHttp\Middleware::GuzzleHttp\{closure}(Object(GuzzleHttp\Psr7\Request), Array)
#10 C:\xampp\htdocs\OpenSID\vendor\guzzlehttp\guzzle\src\Client.php(333): GuzzleHttp\HandlerStack->__invoke(Object(GuzzleHttp\Psr7\Request), Array)
#11 C:\xampp\htdocs\OpenSID\vendor\guzzlehttp\guzzle\src\Client.php(169): GuzzleHttp\Client->transfer(Object(GuzzleHttp\Psr7\Request), Array)
#12 C:\xampp\htdocs\OpenSID\vendor\guzzlehttp\guzzle\src\Client.php(189): GuzzleHttp\Client->requestAsync('POST', Object(GuzzleHttp\Psr7\Uri), Array)
#13 C:\xampp\htdocs\OpenSID\vendor\guzzlehttp\guzzle\src\ClientTrait.php(95): GuzzleHttp\Client->request('POST', 'https://pantau....', Array)
#14 C:\xampp\htdocs\OpenSID\donjo-app\helpers\opensid_helper.php(257): GuzzleHttp\Client->post('https://pantau....', Array)
#15 C:\xampp\htdocs\OpenSID\app\Libraries\Tracker.php(151): httpPost('https://pantau....', Array)
#16 C:\xampp\htdocs\OpenSID\app\Libraries\Tracker.php(72): App\Libraries\Tracker->kirimData()
#17 C:\xampp\htdocs\OpenSID\donjo-app\core\MY_Controller.php(127): App\Libraries\Tracker->trackDesa()
#18 C:\xampp\htdocs\OpenSID\donjo-app\core\Web_Controller.php(68): MY_Controller->__construct()
#19 C:\xampp\htdocs\OpenSID\vendor\codeigniter\framework\system\core\CodeIgniter.php(519): Web_Controller->__construct()
#20 C:\xampp\htdocs\OpenSID\index.php(284): require_once('C:\\xampp\\htdocs...')
#21 {main}
