[2026-03-10 00:53:59] production.WARNING: Client error: `GET http://www.geoplugin.net/json.gp?ip=::1` resulted in a `403 Forbidden` response:
{
  "geoplugin_status":403,
  "geoplugin_message": "geoPlugin API is no longer available for free use. To continue acces (truncated...)
  
[2026-03-10 00:56:42] production.ERROR: PDOException: SQLSTATE[HY000] [2002] No connection could be made because the target machine actively refused it in C:\xampp\htdocs\OpenSID\vendor\illuminate\database\Connectors\Connector.php:65
Stack trace:
#0 C:\xampp\htdocs\OpenSID\vendor\illuminate\database\Connectors\Connector.php(65): PDO->__construct('mysql:host=loca...', 'root', '', Array)
#1 C:\xampp\htdocs\OpenSID\vendor\illuminate\database\Connectors\Connector.php(83): Illuminate\Database\Connectors\Connector->createPdoConnection('mysql:host=loca...', 'root', '', Array)
#2 C:\xampp\htdocs\OpenSID\vendor\illuminate\database\Connectors\Connector.php(49): Illuminate\Database\Connectors\Connector->tryAgainIfCausedByLostConnection(Object(PDOException), 'mysql:host=loca...', 'root', '', Array)
#3 C:\xampp\htdocs\OpenSID\vendor\illuminate\database\Connectors\MySqlConnector.php(24): Illuminate\Database\Connectors\Connector->createConnection('mysql:host=loca...', Array, Array)
#4 C:\xampp\htdocs\OpenSID\vendor\illuminate\database\Connectors\ConnectionFactory.php(184): Illuminate\Database\Connectors\MySqlConnector->connect(Array)
#5 [internal function]: Illuminate\Database\Connectors\ConnectionFactory->Illuminate\Database\Connectors\{closure}()
#6 C:\xampp\htdocs\OpenSID\vendor\illuminate\database\Connection.php(1339): call_user_func(Object(Closure))
#7 C:\xampp\htdocs\OpenSID\vendor\illuminate\database\Connection.php(528): Illuminate\Database\Connection->getPdo()
#8 C:\xampp\htdocs\OpenSID\vendor\illuminate\database\Connection.php(423): Illuminate\Database\Connection->getPdoForSelect(false)
#9 C:\xampp\htdocs\OpenSID\vendor\illuminate\database\Connection.php(816): Illuminate\Database\Connection->Illuminate\Database\{closure}('select column_n...', Array)
#10 C:\xampp\htdocs\OpenSID\vendor\illuminate\database\Connection.php(983): Illuminate\Database\Connection->runQueryCallback('select column_n...', Array, Object(Closure))
#11 C:\xampp\htdocs\OpenSID\vendor\illuminate\database\Connection.php(963): Illuminate\Database\Connection->tryAgainIfCausedByLostConnection(Object(Illuminate\Database\QueryException), 'select column_n...', Array, Object(Closure))
#12 C:\xampp\htdocs\OpenSID\vendor\illuminate\database\Connection.php(786): Illuminate\Database\Connection->handleQueryException(Object(Illuminate\Database\QueryException), 'select column_n...', Array, Object(Closure))
#13 C:\xampp\htdocs\OpenSID\vendor\illuminate\database\Connection.php(431): Illuminate\Database\Connection->run('select column_n...', Array, Object(Closure))
#14 C:\xampp\htdocs\OpenSID\vendor\illuminate\database\Connection.php(401): Illuminate\Database\Connection->select('select column_n...', Array, false)
#15 C:\xampp\htdocs\OpenSID\vendor\illuminate\database\Schema\MySqlBuilder.php(100): Illuminate\Database\Connection->selectFromWriteConnection('select column_n...')
#16 C:\xampp\htdocs\OpenSID\vendor\illuminate\database\Schema\Builder.php(350): Illuminate\Database\Schema\MySqlBuilder->getColumns('tweb_penduduk')
#17 C:\xampp\htdocs\OpenSID\app\Libraries\Import.php(680): Illuminate\Database\Schema\Builder->getColumnListing('tweb_penduduk')
#18 C:\xampp\htdocs\OpenSID\app\Libraries\Import.php(966): App\Libraries\Import->tulisPenduduk(Array)
#19 C:\xampp\htdocs\OpenSID\donjo-app\controllers\Penduduk.php(1675): App\Libraries\Import->imporExcel(false)
#20 C:\xampp\htdocs\OpenSID\vendor\codeigniter\framework\system\core\CodeIgniter.php(533): Penduduk->proses_impor()
#21 C:\xampp\htdocs\OpenSID\index.php(284): require_once('C:\\xampp\\htdocs...')
#22 {main}

Next Illuminate\Database\QueryException: SQLSTATE[HY000] [2002] No connection could be made because the target machine actively refused it (Connection: default, SQL: select column_name as `name`, data_type as `type_name`, column_type as `type`, collation_name as `collation`, is_nullable as `nullable`, column_default as `default`, column_comment as `comment`, extra as `extra` from information_schema.columns where table_schema = 'opensid' and table_name = 'tweb_penduduk' order by ordinal_position asc) in C:\xampp\htdocs\OpenSID\vendor\illuminate\database\Connection.php:829
Stack trace:
#0 C:\xampp\htdocs\OpenSID\vendor\illuminate\database\Connection.php(983): Illuminate\Database\Connection->runQueryCallback('select column_n...', Array, Object(Closure))
#1 C:\xampp\htdocs\OpenSID\vendor\illuminate\database\Connection.php(963): Illuminate\Database\Connection->tryAgainIfCausedByLostConnection(Object(Illuminate\Database\QueryException), 'select column_n...', Array, Object(Closure))
#2 C:\xampp\htdocs\OpenSID\vendor\illuminate\database\Connection.php(786): Illuminate\Database\Connection->handleQueryException(Object(Illuminate\Database\QueryException), 'select column_n...', Array, Object(Closure))
#3 C:\xampp\htdocs\OpenSID\vendor\illuminate\database\Connection.php(431): Illuminate\Database\Connection->run('select column_n...', Array, Object(Closure))
#4 C:\xampp\htdocs\OpenSID\vendor\illuminate\database\Connection.php(401): Illuminate\Database\Connection->select('select column_n...', Array, false)
#5 C:\xampp\htdocs\OpenSID\vendor\illuminate\database\Schema\MySqlBuilder.php(100): Illuminate\Database\Connection->selectFromWriteConnection('select column_n...')
#6 C:\xampp\htdocs\OpenSID\vendor\illuminate\database\Schema\Builder.php(350): Illuminate\Database\Schema\MySqlBuilder->getColumns('tweb_penduduk')
#7 C:\xampp\htdocs\OpenSID\app\Libraries\Import.php(680): Illuminate\Database\Schema\Builder->getColumnListing('tweb_penduduk')
#8 C:\xampp\htdocs\OpenSID\app\Libraries\Import.php(966): App\Libraries\Import->tulisPenduduk(Array)
#9 C:\xampp\htdocs\OpenSID\donjo-app\controllers\Penduduk.php(1675): App\Libraries\Import->imporExcel(false)
#10 C:\xampp\htdocs\OpenSID\vendor\codeigniter\framework\system\core\CodeIgniter.php(533): Penduduk->proses_impor()
#11 C:\xampp\htdocs\OpenSID\index.php(284): require_once('C:\\xampp\\htdocs...')
#12 {main}  
[2026-03-10 11:30:42] production.WARNING: Client error: `GET http://www.geoplugin.net/json.gp?ip=::1` resulted in a `403 Forbidden` response:
{
  "geoplugin_status":403,
  "geoplugin_message": "geoPlugin API is no longer available for free use. To continue acces (truncated...)
  
