[2026-05-08 04:35:24] production.ERROR: Missing "tahun" parameter for "api.idm" route (View: C:\xampp\htdocs\OpenSID\storage\app\themes\esensi\resources\views\partials\idm\index.blade.php) {"exception":"[object] (Illuminate\View\ViewException(code: 0): Missing "tahun" parameter for "api.idm" route (View: C:\xampp\htdocs\OpenSID\storage\app\themes\esensi\resources\views\partials\idm\index.blade.php) at C:\xampp\htdocs\OpenSID\vendor\opensid\router\src\Route.php:402)
[stacktrace]
#0 C:\xampp\htdocs\OpenSID\vendor\illuminate\view\Engines\PhpEngine.php(60): Illuminate\View\Engines\CompilerEngine->handleViewException()
#1 C:\xampp\htdocs\OpenSID\vendor\illuminate\view\Engines\CompilerEngine.php(72): Illuminate\View\Engines\PhpEngine->evaluatePath()
#2 C:\xampp\htdocs\OpenSID\vendor\illuminate\view\View.php(207): Illuminate\View\Engines\CompilerEngine->get()
#3 C:\xampp\htdocs\OpenSID\vendor\illuminate\view\View.php(190): Illuminate\View\View->getContents()
#4 C:\xampp\htdocs\OpenSID\vendor\illuminate\view\View.php(159): Illuminate\View\View->renderContents()
#5 C:\xampp\htdocs\OpenSID\vendor\illuminate\view\View.php(504): Illuminate\View\View->render()
#6 C:\xampp\htdocs\OpenSID\donjo-app\helpers\illuminate_helper.php(664): Illuminate\View\View->__toString()
#7 C:\xampp\htdocs\OpenSID\donjo-app\controllers\fweb\Idm.php(45): view()
#8 C:\xampp\htdocs\OpenSID\vendor\codeigniter\framework\system\core\CodeIgniter.php(533): Idm->index()
#9 C:\xampp\htdocs\OpenSID\index.php(284): require_once()
#10 {main}
"}
[2026-05-08 04:35:27] production.ERROR: Missing "tahun" parameter for "api.idm" route (View: C:\xampp\htdocs\OpenSID\storage\app\themes\esensi\resources\views\partials\idm\index.blade.php) {"exception":"[object] (Illuminate\View\ViewException(code: 0): Missing "tahun" parameter for "api.idm" route (View: C:\xampp\htdocs\OpenSID\storage\app\themes\esensi\resources\views\partials\idm\index.blade.php) at C:\xampp\htdocs\OpenSID\vendor\opensid\router\src\Route.php:402)
[stacktrace]
#0 C:\xampp\htdocs\OpenSID\vendor\illuminate\view\Engines\PhpEngine.php(60): Illuminate\View\Engines\CompilerEngine->handleViewException()
#1 C:\xampp\htdocs\OpenSID\vendor\illuminate\view\Engines\CompilerEngine.php(72): Illuminate\View\Engines\PhpEngine->evaluatePath()
#2 C:\xampp\htdocs\OpenSID\vendor\illuminate\view\View.php(207): Illuminate\View\Engines\CompilerEngine->get()
#3 C:\xampp\htdocs\OpenSID\vendor\illuminate\view\View.php(190): Illuminate\View\View->getContents()
#4 C:\xampp\htdocs\OpenSID\vendor\illuminate\view\View.php(159): Illuminate\View\View->renderContents()
#5 C:\xampp\htdocs\OpenSID\vendor\illuminate\view\View.php(504): Illuminate\View\View->render()
#6 C:\xampp\htdocs\OpenSID\donjo-app\helpers\illuminate_helper.php(664): Illuminate\View\View->__toString()
#7 C:\xampp\htdocs\OpenSID\donjo-app\controllers\fweb\Idm.php(45): view()
#8 C:\xampp\htdocs\OpenSID\vendor\codeigniter\framework\system\core\CodeIgniter.php(533): Idm->index()
#9 C:\xampp\htdocs\OpenSID\index.php(284): require_once()
#10 {main}
"}
[2026-05-08 04:35:30] production.ERROR: Missing "tahun" parameter for "api.idm" route (View: C:\xampp\htdocs\OpenSID\storage\app\themes\esensi\resources\views\partials\idm\index.blade.php) {"exception":"[object] (Illuminate\View\ViewException(code: 0): Missing "tahun" parameter for "api.idm" route (View: C:\xampp\htdocs\OpenSID\storage\app\themes\esensi\resources\views\partials\idm\index.blade.php) at C:\xampp\htdocs\OpenSID\vendor\opensid\router\src\Route.php:402)
[stacktrace]
#0 C:\xampp\htdocs\OpenSID\vendor\illuminate\view\Engines\PhpEngine.php(60): Illuminate\View\Engines\CompilerEngine->handleViewException()
#1 C:\xampp\htdocs\OpenSID\vendor\illuminate\view\Engines\CompilerEngine.php(72): Illuminate\View\Engines\PhpEngine->evaluatePath()
#2 C:\xampp\htdocs\OpenSID\vendor\illuminate\view\View.php(207): Illuminate\View\Engines\CompilerEngine->get()
#3 C:\xampp\htdocs\OpenSID\vendor\illuminate\view\View.php(190): Illuminate\View\View->getContents()
#4 C:\xampp\htdocs\OpenSID\vendor\illuminate\view\View.php(159): Illuminate\View\View->renderContents()
#5 C:\xampp\htdocs\OpenSID\vendor\illuminate\view\View.php(504): Illuminate\View\View->render()
#6 C:\xampp\htdocs\OpenSID\donjo-app\helpers\illuminate_helper.php(664): Illuminate\View\View->__toString()
#7 C:\xampp\htdocs\OpenSID\donjo-app\controllers\fweb\Idm.php(45): view()
#8 C:\xampp\htdocs\OpenSID\vendor\codeigniter\framework\system\core\CodeIgniter.php(533): Idm->index()
#9 C:\xampp\htdocs\OpenSID\index.php(284): require_once()
#10 {main}
"}
[2026-05-08 04:35:32] production.ERROR: Missing "tahun" parameter for "api.idm" route (View: C:\xampp\htdocs\OpenSID\storage\app\themes\esensi\resources\views\partials\idm\index.blade.php) {"exception":"[object] (Illuminate\View\ViewException(code: 0): Missing "tahun" parameter for "api.idm" route (View: C:\xampp\htdocs\OpenSID\storage\app\themes\esensi\resources\views\partials\idm\index.blade.php) at C:\xampp\htdocs\OpenSID\vendor\opensid\router\src\Route.php:402)
[stacktrace]
#0 C:\xampp\htdocs\OpenSID\vendor\illuminate\view\Engines\PhpEngine.php(60): Illuminate\View\Engines\CompilerEngine->handleViewException()
#1 C:\xampp\htdocs\OpenSID\vendor\illuminate\view\Engines\CompilerEngine.php(72): Illuminate\View\Engines\PhpEngine->evaluatePath()
#2 C:\xampp\htdocs\OpenSID\vendor\illuminate\view\View.php(207): Illuminate\View\Engines\CompilerEngine->get()
#3 C:\xampp\htdocs\OpenSID\vendor\illuminate\view\View.php(190): Illuminate\View\View->getContents()
#4 C:\xampp\htdocs\OpenSID\vendor\illuminate\view\View.php(159): Illuminate\View\View->renderContents()
#5 C:\xampp\htdocs\OpenSID\vendor\illuminate\view\View.php(504): Illuminate\View\View->render()
#6 C:\xampp\htdocs\OpenSID\donjo-app\helpers\illuminate_helper.php(664): Illuminate\View\View->__toString()
#7 C:\xampp\htdocs\OpenSID\donjo-app\controllers\fweb\Idm.php(45): view()
#8 C:\xampp\htdocs\OpenSID\vendor\codeigniter\framework\system\core\CodeIgniter.php(533): Idm->index()
#9 C:\xampp\htdocs\OpenSID\index.php(284): require_once()
#10 {main}
"}
[2026-05-08 04:37:50] production.ERROR: Missing "tahun" parameter for "api.idm" route (View: C:\xampp\htdocs\OpenSID\storage\app\themes\esensi\resources\views\partials\idm\index.blade.php) {"exception":"[object] (Illuminate\View\ViewException(code: 0): Missing "tahun" parameter for "api.idm" route (View: C:\xampp\htdocs\OpenSID\storage\app\themes\esensi\resources\views\partials\idm\index.blade.php) at C:\xampp\htdocs\OpenSID\vendor\opensid\router\src\Route.php:402)
[stacktrace]
#0 C:\xampp\htdocs\OpenSID\vendor\illuminate\view\Engines\PhpEngine.php(60): Illuminate\View\Engines\CompilerEngine->handleViewException()
#1 C:\xampp\htdocs\OpenSID\vendor\illuminate\view\Engines\CompilerEngine.php(72): Illuminate\View\Engines\PhpEngine->evaluatePath()
#2 C:\xampp\htdocs\OpenSID\vendor\illuminate\view\View.php(207): Illuminate\View\Engines\CompilerEngine->get()
#3 C:\xampp\htdocs\OpenSID\vendor\illuminate\view\View.php(190): Illuminate\View\View->getContents()
#4 C:\xampp\htdocs\OpenSID\vendor\illuminate\view\View.php(159): Illuminate\View\View->renderContents()
#5 C:\xampp\htdocs\OpenSID\vendor\illuminate\view\View.php(504): Illuminate\View\View->render()
#6 C:\xampp\htdocs\OpenSID\donjo-app\helpers\illuminate_helper.php(664): Illuminate\View\View->__toString()
#7 C:\xampp\htdocs\OpenSID\donjo-app\controllers\fweb\Idm.php(45): view()
#8 C:\xampp\htdocs\OpenSID\vendor\codeigniter\framework\system\core\CodeIgniter.php(533): Idm->index()
#9 C:\xampp\htdocs\OpenSID\index.php(284): require_once()
#10 {main}
"}
[2026-05-08 05:03:13] production.ERROR: Call to a member function uri_string() on null (View: C:\xampp\htdocs\OpenSID\storage\app\themes\esensi\resources\views\partials\berita\index.blade.php) {"exception":"[object] (Illuminate\View\ViewException(code: 0): Call to a member function uri_string() on null (View: C:\xampp\htdocs\OpenSID\storage\app\themes\esensi\resources\views\partials\berita\index.blade.php) at C:\xampp\htdocs\OpenSID\storage\framework\views\279e7273a099a3f7e6990a14353397d7.php:35)
[stacktrace]
#0 C:\xampp\htdocs\OpenSID\vendor\illuminate\view\Engines\PhpEngine.php(60): Illuminate\View\Engines\CompilerEngine->handleViewException()
#1 C:\xampp\htdocs\OpenSID\vendor\illuminate\view\Engines\CompilerEngine.php(72): Illuminate\View\Engines\PhpEngine->evaluatePath()
#2 C:\xampp\htdocs\OpenSID\vendor\illuminate\view\View.php(207): Illuminate\View\Engines\CompilerEngine->get()
#3 C:\xampp\htdocs\OpenSID\vendor\illuminate\view\View.php(190): Illuminate\View\View->getContents()
#4 C:\xampp\htdocs\OpenSID\vendor\illuminate\view\View.php(159): Illuminate\View\View->renderContents()
#5 C:\xampp\htdocs\OpenSID\vendor\illuminate\view\View.php(504): Illuminate\View\View->render()
#6 C:\xampp\htdocs\OpenSID\donjo-app\helpers\illuminate_helper.php(664): Illuminate\View\View->__toString()
#7 C:\xampp\htdocs\OpenSID\donjo-app\controllers\fweb\Artikel.php(149): view()
#8 C:\xampp\htdocs\OpenSID\vendor\codeigniter\framework\system\core\CodeIgniter.php(533): Artikel->kategori()
#9 C:\xampp\htdocs\OpenSID\index.php(284): require_once()
#10 {main}
"}
[2026-05-08 05:03:15] production.ERROR: Call to a member function uri_string() on null (View: C:\xampp\htdocs\OpenSID\storage\app\themes\esensi\resources\views\partials\berita\index.blade.php) {"exception":"[object] (Illuminate\View\ViewException(code: 0): Call to a member function uri_string() on null (View: C:\xampp\htdocs\OpenSID\storage\app\themes\esensi\resources\views\partials\berita\index.blade.php) at C:\xampp\htdocs\OpenSID\storage\framework\views\279e7273a099a3f7e6990a14353397d7.php:35)
[stacktrace]
#0 C:\xampp\htdocs\OpenSID\vendor\illuminate\view\Engines\PhpEngine.php(60): Illuminate\View\Engines\CompilerEngine->handleViewException()
#1 C:\xampp\htdocs\OpenSID\vendor\illuminate\view\Engines\CompilerEngine.php(72): Illuminate\View\Engines\PhpEngine->evaluatePath()
#2 C:\xampp\htdocs\OpenSID\vendor\illuminate\view\View.php(207): Illuminate\View\Engines\CompilerEngine->get()
#3 C:\xampp\htdocs\OpenSID\vendor\illuminate\view\View.php(190): Illuminate\View\View->getContents()
#4 C:\xampp\htdocs\OpenSID\vendor\illuminate\view\View.php(159): Illuminate\View\View->renderContents()
#5 C:\xampp\htdocs\OpenSID\vendor\illuminate\view\View.php(504): Illuminate\View\View->render()
#6 C:\xampp\htdocs\OpenSID\donjo-app\helpers\illuminate_helper.php(664): Illuminate\View\View->__toString()
#7 C:\xampp\htdocs\OpenSID\donjo-app\controllers\fweb\Artikel.php(149): view()
#8 C:\xampp\htdocs\OpenSID\vendor\codeigniter\framework\system\core\CodeIgniter.php(533): Artikel->kategori()
#9 C:\xampp\htdocs\OpenSID\index.php(284): require_once()
#10 {main}
"}
[2026-05-08 05:03:18] production.ERROR: Call to a member function uri_string() on null (View: C:\xampp\htdocs\OpenSID\storage\app\themes\esensi\resources\views\partials\berita\index.blade.php) {"exception":"[object] (Illuminate\View\ViewException(code: 0): Call to a member function uri_string() on null (View: C:\xampp\htdocs\OpenSID\storage\app\themes\esensi\resources\views\partials\berita\index.blade.php) at C:\xampp\htdocs\OpenSID\storage\framework\views\279e7273a099a3f7e6990a14353397d7.php:35)
[stacktrace]
#0 C:\xampp\htdocs\OpenSID\vendor\illuminate\view\Engines\PhpEngine.php(60): Illuminate\View\Engines\CompilerEngine->handleViewException()
#1 C:\xampp\htdocs\OpenSID\vendor\illuminate\view\Engines\CompilerEngine.php(72): Illuminate\View\Engines\PhpEngine->evaluatePath()
#2 C:\xampp\htdocs\OpenSID\vendor\illuminate\view\View.php(207): Illuminate\View\Engines\CompilerEngine->get()
#3 C:\xampp\htdocs\OpenSID\vendor\illuminate\view\View.php(190): Illuminate\View\View->getContents()
#4 C:\xampp\htdocs\OpenSID\vendor\illuminate\view\View.php(159): Illuminate\View\View->renderContents()
#5 C:\xampp\htdocs\OpenSID\vendor\illuminate\view\View.php(504): Illuminate\View\View->render()
#6 C:\xampp\htdocs\OpenSID\donjo-app\helpers\illuminate_helper.php(664): Illuminate\View\View->__toString()
#7 C:\xampp\htdocs\OpenSID\donjo-app\controllers\fweb\Artikel.php(149): view()
#8 C:\xampp\htdocs\OpenSID\vendor\codeigniter\framework\system\core\CodeIgniter.php(533): Artikel->kategori()
#9 C:\xampp\htdocs\OpenSID\index.php(284): require_once()
#10 {main}
"}
[2026-05-08 05:04:49] production.ERROR: Call to a member function render() on null (View: C:\xampp\htdocs\OpenSID\storage\app\themes\esensi\resources\views\partials\pembangunan\index.blade.php) {"exception":"[object] (Illuminate\View\ViewException(code: 0): Call to a member function render() on null (View: C:\xampp\htdocs\OpenSID\storage\app\themes\esensi\resources\views\partials\pembangunan\index.blade.php) at C:\xampp\htdocs\OpenSID\storage\framework\views\0dd2ddc42d1d02896beca5ec340b5d59.php:72)
[stacktrace]
#0 C:\xampp\htdocs\OpenSID\vendor\illuminate\view\Engines\PhpEngine.php(60): Illuminate\View\Engines\CompilerEngine->handleViewException()
#1 C:\xampp\htdocs\OpenSID\vendor\illuminate\view\Engines\CompilerEngine.php(72): Illuminate\View\Engines\PhpEngine->evaluatePath()
#2 C:\xampp\htdocs\OpenSID\vendor\illuminate\view\View.php(207): Illuminate\View\Engines\CompilerEngine->get()
#3 C:\xampp\htdocs\OpenSID\vendor\illuminate\view\View.php(190): Illuminate\View\View->getContents()
#4 C:\xampp\htdocs\OpenSID\vendor\illuminate\view\View.php(159): Illuminate\View\View->renderContents()
#5 C:\xampp\htdocs\OpenSID\vendor\illuminate\view\View.php(504): Illuminate\View\View->render()
#6 C:\xampp\htdocs\OpenSID\donjo-app\helpers\illuminate_helper.php(664): Illuminate\View\View->__toString()
#7 C:\xampp\htdocs\OpenSID\donjo-app\controllers\fweb\Pembangunan.php(49): view()
#8 C:\xampp\htdocs\OpenSID\vendor\codeigniter\framework\system\core\CodeIgniter.php(533): Pembangunan->index()
#9 C:\xampp\htdocs\OpenSID\index.php(284): require_once()
#10 {main}
"}
[2026-05-08 05:05:55] production.ERROR: Client error: `GET https://idm.kemendesa.go.id/open/api/desa/rumusan/1307132002/2026` resulted in a `400 Bad Request` response:
{"status":400,"error":true,"message":"ID Desa tidak ditemukan"}

[2026-05-08 05:06:34] production.WARNING: Client error: `GET http://www.geoplugin.net/json.gp?ip=::1` resulted in a `403 Forbidden` response:
{
  "geoplugin_status":403,
  "geoplugin_message": "geoPlugin API is no longer available for free use. To continue acces (truncated...)
  
[2026-05-08 05:08:25] production.ERROR: Client error: `GET https://idm.kemendesa.go.id/open/api/desa/rumusan/1307132002/2026` resulted in a `400 Bad Request` response:
{"status":400,"error":true,"message":"ID Desa tidak ditemukan"}

