[2026-05-07 17:26:09] production.ERROR: SQLSTATE[23000]: Integrity constraint violation: 1062 Duplicate entry '1-2026-05-07' for key 'config_idTanggal' (Connection: default, SQL: insert into `sys_traffic` (`Tanggal`, `Jumlah`, `ipAddress`, `config_id`) values (2026-05-07, 0, [], 1)) {"exception":"[object] (Illuminate\Database\UniqueConstraintViolationException(code: 0): SQLSTATE[23000]: Integrity constraint violation: 1062 Duplicate entry '1-2026-05-07' for key 'config_idTanggal' (Connection: default, SQL: insert into `sys_traffic` (`Tanggal`, `Jumlah`, `ipAddress`, `config_id`) values (2026-05-07, 0, [], 1)) at C:\xampp\htdocs\OpenSID\vendor\illuminate\database\Connection.php:824)
[stacktrace]
#0 C:\xampp\htdocs\OpenSID\vendor\illuminate\database\Connection.php(783): Illuminate\Database\Connection->runQueryCallback()
#1 C:\xampp\htdocs\OpenSID\vendor\illuminate\database\MySqlConnection.php(50): Illuminate\Database\Connection->run()
#2 C:\xampp\htdocs\OpenSID\vendor\illuminate\database\Query\Processors\MySqlProcessor.php(35): Illuminate\Database\MySqlConnection->insert()
#3 C:\xampp\htdocs\OpenSID\vendor\illuminate\database\Query\Builder.php(3549): Illuminate\Database\Query\Processors\MySqlProcessor->processInsertGetId()
#4 C:\xampp\htdocs\OpenSID\vendor\illuminate\database\Eloquent\Builder.php(1982): Illuminate\Database\Query\Builder->insertGetId()
#5 C:\xampp\htdocs\OpenSID\vendor\illuminate\database\Eloquent\Model.php(1334): Illuminate\Database\Eloquent\Builder->__call()
#6 C:\xampp\htdocs\OpenSID\vendor\illuminate\database\Eloquent\Model.php(1299): Illuminate\Database\Eloquent\Model->insertAndSetId()
#7 C:\xampp\htdocs\OpenSID\vendor\illuminate\database\Eloquent\Model.php(1138): Illuminate\Database\Eloquent\Model->performInsert()
#8 C:\xampp\htdocs\OpenSID\vendor\illuminate\database\Eloquent\Builder.php(1025): Illuminate\Database\Eloquent\Model->save()
#9 C:\xampp\htdocs\OpenSID\vendor\illuminate\support\helpers.php(320): Illuminate\Database\Eloquent\Builder->Illuminate\Database\Eloquent\{closure}()
#10 C:\xampp\htdocs\OpenSID\vendor\illuminate\database\Eloquent\Builder.php(1026): tap()
#11 C:\xampp\htdocs\OpenSID\vendor\illuminate\support\Traits\ForwardsCalls.php(23): Illuminate\Database\Eloquent\Builder->create()
#12 C:\xampp\htdocs\OpenSID\vendor\illuminate\database\Eloquent\Model.php(2335): Illuminate\Database\Eloquent\Model->forwardCallTo()
#13 C:\xampp\htdocs\OpenSID\vendor\illuminate\database\Eloquent\Model.php(2347): Illuminate\Database\Eloquent\Model->__call()
#14 C:\xampp\htdocs\OpenSID\app\Models\StatistikPengunjung.php(129): Illuminate\Database\Eloquent\Model::__callStatic()
#15 C:\xampp\htdocs\OpenSID\donjo-app\core\Web_Controller.php(95): App\Models\StatistikPengunjung::counterVisitor()
#16 C:\xampp\htdocs\OpenSID\donjo-app\core\Web_Controller.php(81): Web_Controller->viewShare()
#17 C:\xampp\htdocs\OpenSID\donjo-app\controllers\fweb\Utama.php(51): Web_Controller->__construct()
#18 C:\xampp\htdocs\OpenSID\vendor\codeigniter\framework\system\core\CodeIgniter.php(519): Utama->__construct()
#19 C:\xampp\htdocs\OpenSID\index.php(284): require_once()
#20 {main}
"}
[2026-05-07 17:26:09] production.ERROR: SQLSTATE[23000]: Integrity constraint violation: 1062 Duplicate entry '1-2026-05-07' for key 'config_idTanggal' (Connection: default, SQL: insert into `sys_traffic` (`Tanggal`, `Jumlah`, `ipAddress`, `config_id`) values (2026-05-07, 0, [], 1)) {"exception":"[object] (Illuminate\Database\UniqueConstraintViolationException(code: 0): SQLSTATE[23000]: Integrity constraint violation: 1062 Duplicate entry '1-2026-05-07' for key 'config_idTanggal' (Connection: default, SQL: insert into `sys_traffic` (`Tanggal`, `Jumlah`, `ipAddress`, `config_id`) values (2026-05-07, 0, [], 1)) at C:\xampp\htdocs\OpenSID\vendor\illuminate\database\Connection.php:824)
[stacktrace]
#0 C:\xampp\htdocs\OpenSID\vendor\illuminate\database\Connection.php(783): Illuminate\Database\Connection->runQueryCallback()
#1 C:\xampp\htdocs\OpenSID\vendor\illuminate\database\MySqlConnection.php(50): Illuminate\Database\Connection->run()
#2 C:\xampp\htdocs\OpenSID\vendor\illuminate\database\Query\Processors\MySqlProcessor.php(35): Illuminate\Database\MySqlConnection->insert()
#3 C:\xampp\htdocs\OpenSID\vendor\illuminate\database\Query\Builder.php(3549): Illuminate\Database\Query\Processors\MySqlProcessor->processInsertGetId()
#4 C:\xampp\htdocs\OpenSID\vendor\illuminate\database\Eloquent\Builder.php(1982): Illuminate\Database\Query\Builder->insertGetId()
#5 C:\xampp\htdocs\OpenSID\vendor\illuminate\database\Eloquent\Model.php(1334): Illuminate\Database\Eloquent\Builder->__call()
#6 C:\xampp\htdocs\OpenSID\vendor\illuminate\database\Eloquent\Model.php(1299): Illuminate\Database\Eloquent\Model->insertAndSetId()
#7 C:\xampp\htdocs\OpenSID\vendor\illuminate\database\Eloquent\Model.php(1138): Illuminate\Database\Eloquent\Model->performInsert()
#8 C:\xampp\htdocs\OpenSID\vendor\illuminate\database\Eloquent\Builder.php(1025): Illuminate\Database\Eloquent\Model->save()
#9 C:\xampp\htdocs\OpenSID\vendor\illuminate\support\helpers.php(320): Illuminate\Database\Eloquent\Builder->Illuminate\Database\Eloquent\{closure}()
#10 C:\xampp\htdocs\OpenSID\vendor\illuminate\database\Eloquent\Builder.php(1026): tap()
#11 C:\xampp\htdocs\OpenSID\vendor\illuminate\support\Traits\ForwardsCalls.php(23): Illuminate\Database\Eloquent\Builder->create()
#12 C:\xampp\htdocs\OpenSID\vendor\illuminate\database\Eloquent\Model.php(2335): Illuminate\Database\Eloquent\Model->forwardCallTo()
#13 C:\xampp\htdocs\OpenSID\vendor\illuminate\database\Eloquent\Model.php(2347): Illuminate\Database\Eloquent\Model->__call()
#14 C:\xampp\htdocs\OpenSID\app\Models\StatistikPengunjung.php(129): Illuminate\Database\Eloquent\Model::__callStatic()
#15 C:\xampp\htdocs\OpenSID\donjo-app\core\Web_Controller.php(95): App\Models\StatistikPengunjung::counterVisitor()
#16 C:\xampp\htdocs\OpenSID\donjo-app\core\Web_Controller.php(81): Web_Controller->viewShare()
#17 C:\xampp\htdocs\OpenSID\donjo-app\controllers\fweb\Utama.php(51): Web_Controller->__construct()
#18 C:\xampp\htdocs\OpenSID\vendor\codeigniter\framework\system\core\CodeIgniter.php(519): Utama->__construct()
#19 C:\xampp\htdocs\OpenSID\index.php(284): require_once()
#20 {main}
"}
[2026-05-07 17:26:09] production.ERROR: SQLSTATE[23000]: Integrity constraint violation: 1062 Duplicate entry '1-2026-05-07' for key 'config_idTanggal' (Connection: default, SQL: insert into `sys_traffic` (`Tanggal`, `Jumlah`, `ipAddress`, `config_id`) values (2026-05-07, 0, [], 1)) {"exception":"[object] (Illuminate\Database\UniqueConstraintViolationException(code: 0): SQLSTATE[23000]: Integrity constraint violation: 1062 Duplicate entry '1-2026-05-07' for key 'config_idTanggal' (Connection: default, SQL: insert into `sys_traffic` (`Tanggal`, `Jumlah`, `ipAddress`, `config_id`) values (2026-05-07, 0, [], 1)) at C:\xampp\htdocs\OpenSID\vendor\illuminate\database\Connection.php:824)
[stacktrace]
#0 C:\xampp\htdocs\OpenSID\vendor\illuminate\database\Connection.php(783): Illuminate\Database\Connection->runQueryCallback()
#1 C:\xampp\htdocs\OpenSID\vendor\illuminate\database\MySqlConnection.php(50): Illuminate\Database\Connection->run()
#2 C:\xampp\htdocs\OpenSID\vendor\illuminate\database\Query\Processors\MySqlProcessor.php(35): Illuminate\Database\MySqlConnection->insert()
#3 C:\xampp\htdocs\OpenSID\vendor\illuminate\database\Query\Builder.php(3549): Illuminate\Database\Query\Processors\MySqlProcessor->processInsertGetId()
#4 C:\xampp\htdocs\OpenSID\vendor\illuminate\database\Eloquent\Builder.php(1982): Illuminate\Database\Query\Builder->insertGetId()
#5 C:\xampp\htdocs\OpenSID\vendor\illuminate\database\Eloquent\Model.php(1334): Illuminate\Database\Eloquent\Builder->__call()
#6 C:\xampp\htdocs\OpenSID\vendor\illuminate\database\Eloquent\Model.php(1299): Illuminate\Database\Eloquent\Model->insertAndSetId()
#7 C:\xampp\htdocs\OpenSID\vendor\illuminate\database\Eloquent\Model.php(1138): Illuminate\Database\Eloquent\Model->performInsert()
#8 C:\xampp\htdocs\OpenSID\vendor\illuminate\database\Eloquent\Builder.php(1025): Illuminate\Database\Eloquent\Model->save()
#9 C:\xampp\htdocs\OpenSID\vendor\illuminate\support\helpers.php(320): Illuminate\Database\Eloquent\Builder->Illuminate\Database\Eloquent\{closure}()
#10 C:\xampp\htdocs\OpenSID\vendor\illuminate\database\Eloquent\Builder.php(1026): tap()
#11 C:\xampp\htdocs\OpenSID\vendor\illuminate\support\Traits\ForwardsCalls.php(23): Illuminate\Database\Eloquent\Builder->create()
#12 C:\xampp\htdocs\OpenSID\vendor\illuminate\database\Eloquent\Model.php(2335): Illuminate\Database\Eloquent\Model->forwardCallTo()
#13 C:\xampp\htdocs\OpenSID\vendor\illuminate\database\Eloquent\Model.php(2347): Illuminate\Database\Eloquent\Model->__call()
#14 C:\xampp\htdocs\OpenSID\app\Models\StatistikPengunjung.php(129): Illuminate\Database\Eloquent\Model::__callStatic()
#15 C:\xampp\htdocs\OpenSID\donjo-app\core\Web_Controller.php(95): App\Models\StatistikPengunjung::counterVisitor()
#16 C:\xampp\htdocs\OpenSID\donjo-app\core\Web_Controller.php(81): Web_Controller->viewShare()
#17 C:\xampp\htdocs\OpenSID\donjo-app\controllers\fweb\Utama.php(51): Web_Controller->__construct()
#18 C:\xampp\htdocs\OpenSID\vendor\codeigniter\framework\system\core\CodeIgniter.php(519): Utama->__construct()
#19 C:\xampp\htdocs\OpenSID\index.php(284): require_once()
#20 {main}
"}
[2026-05-07 17:26:09] production.ERROR: SQLSTATE[23000]: Integrity constraint violation: 1062 Duplicate entry '1-2026-05-07' for key 'config_idTanggal' (Connection: default, SQL: insert into `sys_traffic` (`Tanggal`, `Jumlah`, `ipAddress`, `config_id`) values (2026-05-07, 0, [], 1)) {"exception":"[object] (Illuminate\Database\UniqueConstraintViolationException(code: 0): SQLSTATE[23000]: Integrity constraint violation: 1062 Duplicate entry '1-2026-05-07' for key 'config_idTanggal' (Connection: default, SQL: insert into `sys_traffic` (`Tanggal`, `Jumlah`, `ipAddress`, `config_id`) values (2026-05-07, 0, [], 1)) at C:\xampp\htdocs\OpenSID\vendor\illuminate\database\Connection.php:824)
[stacktrace]
#0 C:\xampp\htdocs\OpenSID\vendor\illuminate\database\Connection.php(783): Illuminate\Database\Connection->runQueryCallback()
#1 C:\xampp\htdocs\OpenSID\vendor\illuminate\database\MySqlConnection.php(50): Illuminate\Database\Connection->run()
#2 C:\xampp\htdocs\OpenSID\vendor\illuminate\database\Query\Processors\MySqlProcessor.php(35): Illuminate\Database\MySqlConnection->insert()
#3 C:\xampp\htdocs\OpenSID\vendor\illuminate\database\Query\Builder.php(3549): Illuminate\Database\Query\Processors\MySqlProcessor->processInsertGetId()
#4 C:\xampp\htdocs\OpenSID\vendor\illuminate\database\Eloquent\Builder.php(1982): Illuminate\Database\Query\Builder->insertGetId()
#5 C:\xampp\htdocs\OpenSID\vendor\illuminate\database\Eloquent\Model.php(1334): Illuminate\Database\Eloquent\Builder->__call()
#6 C:\xampp\htdocs\OpenSID\vendor\illuminate\database\Eloquent\Model.php(1299): Illuminate\Database\Eloquent\Model->insertAndSetId()
#7 C:\xampp\htdocs\OpenSID\vendor\illuminate\database\Eloquent\Model.php(1138): Illuminate\Database\Eloquent\Model->performInsert()
#8 C:\xampp\htdocs\OpenSID\vendor\illuminate\database\Eloquent\Builder.php(1025): Illuminate\Database\Eloquent\Model->save()
#9 C:\xampp\htdocs\OpenSID\vendor\illuminate\support\helpers.php(320): Illuminate\Database\Eloquent\Builder->Illuminate\Database\Eloquent\{closure}()
#10 C:\xampp\htdocs\OpenSID\vendor\illuminate\database\Eloquent\Builder.php(1026): tap()
#11 C:\xampp\htdocs\OpenSID\vendor\illuminate\support\Traits\ForwardsCalls.php(23): Illuminate\Database\Eloquent\Builder->create()
#12 C:\xampp\htdocs\OpenSID\vendor\illuminate\database\Eloquent\Model.php(2335): Illuminate\Database\Eloquent\Model->forwardCallTo()
#13 C:\xampp\htdocs\OpenSID\vendor\illuminate\database\Eloquent\Model.php(2347): Illuminate\Database\Eloquent\Model->__call()
#14 C:\xampp\htdocs\OpenSID\app\Models\StatistikPengunjung.php(129): Illuminate\Database\Eloquent\Model::__callStatic()
#15 C:\xampp\htdocs\OpenSID\donjo-app\core\Web_Controller.php(95): App\Models\StatistikPengunjung::counterVisitor()
#16 C:\xampp\htdocs\OpenSID\donjo-app\core\Web_Controller.php(81): Web_Controller->viewShare()
#17 C:\xampp\htdocs\OpenSID\donjo-app\controllers\fweb\Utama.php(51): Web_Controller->__construct()
#18 C:\xampp\htdocs\OpenSID\vendor\codeigniter\framework\system\core\CodeIgniter.php(519): Utama->__construct()
#19 C:\xampp\htdocs\OpenSID\index.php(284): require_once()
#20 {main}
"}
[2026-05-07 17:56:49] production.WARNING: Client error: `GET http://www.geoplugin.net/json.gp?ip=::1` resulted in a `403 Forbidden` response:
{
  "geoplugin_status":403,
  "geoplugin_message": "geoPlugin API is no longer available for free use. To continue acces (truncated...)
  
[2026-05-07 21:51:08] production.WARNING: Client error: `GET http://www.geoplugin.net/json.gp?ip=::1` resulted in a `403 Forbidden` response:
{
  "geoplugin_status":403,
  "geoplugin_message": "geoPlugin API is no longer available for free use. To continue acces (truncated...)
  
